<?xml version="1.0" encoding="UTF-8"?>
<!-- Generated by org.testng.reporters.JUnitXMLReporter -->
<testsuite ignored="0" hostname="DESKTOP-FOESE3F" failures="0" tests="5" name="Test" time="45.435" errors="0" timestamp="2022-10-14T14:36:46 IST">
  <testcase classname="test.LoginTest" name="verifyurl" time="0.026"/>
  <testcase classname="test.LoginTest" name="verifyLoginPageIsDisplayed" time="1.2"/>
  <testcase classname="test.LoginTest" name="verifyLogin" time="3.935"/>
  <testcase classname="test.PimTest" name="verifyPimPage" time="5.24"/>
  <testcase classname="test.PimTest" name="verifycheckboxisSelected" time="0.203"/>
</testsuite> <!-- Test -->
