<?xml version="1.0" encoding="UTF-8"?>
<testng-results ignored="0" total="5" passed="5" failed="0" skipped="0">
  <reporter-output>
  </reporter-output>
  <suite started-at="2022-10-14T14:36:00 IST" name="Suite" finished-at="2022-10-14T14:36:46 IST" duration-ms="45435">
    <groups>
    </groups>
    <test started-at="2022-10-14T14:36:00 IST" name="Test" finished-at="2022-10-14T14:36:46 IST" duration-ms="45435">
      <class name="test.LoginTest">
        <test-method is-config="true" signature="launchbrowser()[pri:0, instance:test.LoginTest@17497425]" started-at="2022-10-14T14:36:00 IST" name="launchbrowser" finished-at="2022-10-14T14:36:20 IST" duration-ms="19307" status="PASS">
          <reporter-output>
          </reporter-output>
        </test-method> <!-- launchbrowser -->
        <test-method is-config="true" signature="pageObjects()[pri:0, instance:test.LoginTest@17497425]" started-at="2022-10-14T14:36:20 IST" name="pageObjects" finished-at="2022-10-14T14:36:20 IST" duration-ms="71" status="PASS">
          <reporter-output>
          </reporter-output>
        </test-method> <!-- pageObjects -->
        <test-method signature="verifyurl()[pri:-1, instance:test.LoginTest@17497425]" started-at="2022-10-14T14:36:20 IST" name="verifyurl" finished-at="2022-10-14T14:36:20 IST" duration-ms="26" status="PASS">
          <reporter-output>
          </reporter-output>
        </test-method> <!-- verifyurl -->
        <test-method signature="verifyLoginPageIsDisplayed()[pri:0, instance:test.LoginTest@17497425]" started-at="2022-10-14T14:36:20 IST" name="verifyLoginPageIsDisplayed" finished-at="2022-10-14T14:36:21 IST" duration-ms="1200" status="PASS">
          <reporter-output>
          </reporter-output>
        </test-method> <!-- verifyLoginPageIsDisplayed -->
        <test-method signature="verifyLogin()[pri:1, instance:test.LoginTest@17497425]" started-at="2022-10-14T14:36:21 IST" name="verifyLogin" finished-at="2022-10-14T14:36:25 IST" duration-ms="3935" status="PASS">
          <reporter-output>
          </reporter-output>
        </test-method> <!-- verifyLogin -->
        <test-method is-config="true" signature="teardown()[pri:0, instance:test.LoginTest@17497425]" started-at="2022-10-14T14:36:25 IST" name="teardown" finished-at="2022-10-14T14:36:26 IST" duration-ms="1186" status="PASS">
          <reporter-output>
          </reporter-output>
        </test-method> <!-- teardown -->
      </class> <!-- test.LoginTest -->
      <class name="test.PimTest">
        <test-method is-config="true" signature="launchbrowser()[pri:0, instance:test.PimTest@729d991e]" started-at="2022-10-14T14:36:26 IST" name="launchbrowser" finished-at="2022-10-14T14:36:40 IST" duration-ms="13467" status="PASS">
          <reporter-output>
          </reporter-output>
        </test-method> <!-- launchbrowser -->
        <test-method is-config="true" signature="pageObjects()[pri:0, instance:test.PimTest@729d991e]" started-at="2022-10-14T14:36:40 IST" name="pageObjects" finished-at="2022-10-14T14:36:40 IST" duration-ms="3" status="PASS">
          <reporter-output>
          </reporter-output>
        </test-method> <!-- pageObjects -->
        <test-method signature="verifyPimPage()[pri:2, instance:test.PimTest@729d991e]" started-at="2022-10-14T14:36:40 IST" name="verifyPimPage" finished-at="2022-10-14T14:36:45 IST" duration-ms="5240" status="PASS">
          <reporter-output>
          </reporter-output>
        </test-method> <!-- verifyPimPage -->
        <test-method signature="verifycheckboxisSelected()[pri:3, instance:test.PimTest@729d991e]" started-at="2022-10-14T14:36:45 IST" name="verifycheckboxisSelected" finished-at="2022-10-14T14:36:45 IST" duration-ms="203" status="PASS">
          <reporter-output>
          </reporter-output>
        </test-method> <!-- verifycheckboxisSelected -->
        <test-method is-config="true" signature="teardown()[pri:0, instance:test.PimTest@729d991e]" started-at="2022-10-14T14:36:45 IST" name="teardown" finished-at="2022-10-14T14:36:46 IST" duration-ms="726" status="PASS">
          <reporter-output>
          </reporter-output>
        </test-method> <!-- teardown -->
      </class> <!-- test.PimTest -->
    </test> <!-- Test -->
  </suite> <!-- Suite -->
</testng-results>
